<?xml version="1.0" encoding="UTF-8"?>
<!-- Generated by org.testng.reporters.JUnitXMLReporter -->
<testsuite ignored="12" hostname="DESKTOP-210LHAF" failures="1" tests="26" name="Test" time="211.902" errors="0" timestamp="2025-07-01T18:41:25 IST">
  <testcase classname="tests.LoginModule" name="testPasswordFieldIsMasked" time="0.094"/>
  <testcase classname="tests.LoginModule" name="LoginTest" time="2.05"/>
  <testcase classname="tests.LoginModule" name="LoginTest" time="1.603"/>
  <testcase classname="tests.LoginModule" name="LoginTest" time="1.027"/>
  <testcase classname="tests.LoginModule" name="LoginTest" time="1.134"/>
  <testcase classname="tests.OpenNewAccountModule" name="AccountDetailsNewAcct" time="3.53"/>
  <testcase classname="tests.OpenNewAccountModule" name="AccountDetailsNewAcct" time="3.511"/>
  <testcase classname="tests.CustomerCareModule" name="SupportService" time="3.004"/>
  <testcase classname="tests.CustomerCareModule" name="SupportService" time="1.865"/>
  <testcase classname="tests.CustomerCareModule" name="SupportService" time="2.412"/>
  <testcase classname="tests.CustomerCareModule" name="SupportService" time="2.469"/>
  <testcase classname="tests.CustomerCareModule" name="SupportService" time="2.303"/>
  <testcase classname="tests.TransferFundsModule" name="TransferFunds" time="4.556"/>
  <testcase classname="tests.TransferFundsModule" name="TransferFunds" time="5.008"/>
  <testcase classname="tests.TransferFundsModule" name="TransferFunds" time="4.806"/>
  <testcase classname="tests.TransferFundsModule" name="TransferFunds" time="2.115">
    <failure type="org.openqa.selenium.StaleElementReferenceException" message="stale element reference: stale element not found
  (Session info: chrome=138.0.7204.97)
For documentation on this error, please visit: https://www.selenium.dev/documentation/webdriver/troubleshooting/errors#stale-element-reference-exception
Build info: version: &amp;apos;4.32.0&amp;apos;, revision: &amp;apos;d17c8aa950&amp;apos;
System info: os.name: &amp;apos;Windows 11&amp;apos;, os.arch: &amp;apos;amd64&amp;apos;, os.version: &amp;apos;10.0&amp;apos;, java.version: &amp;apos;21.0.6&amp;apos;
Driver info: org.openqa.selenium.chrome.ChromeDriver
Command: [fc9ecdb3c700a98d34765ace849a8391, clickElement {id=f.5C67BB09A32252BE4ECE063AD53CECF4.d.06A8DC3EEB6E632F037B9000C872D679.e.23}]
Capabilities {acceptInsecureCerts: false, browserName: chrome, browserVersion: 138.0.7204.97, chrome: {chromedriverVersion: 138.0.7204.92 (f079b9bc781e..., userDataDir: C:\Users\Vaseera\AppData\Lo...}, fedcm:accounts: true, goog:chromeOptions: {debuggerAddress: localhost:59443}, networkConnectionEnabled: false, pageLoadStrategy: normal, platformName: windows, proxy: Proxy(), se:cdp: ws://localhost:59443/devtoo..., se:cdpVersion: 138.0.7204.97, setWindowRect: true, strictFileInteractability: false, timeouts: {implicit: 0, pageLoad: 300000, script: 30000}, unhandledPromptBehavior: dismiss and notify, webauthn:extension:credBlob: true, webauthn:extension:largeBlob: true, webauthn:extension:minPinLength: true, webauthn:extension:prf: true, webauthn:virtualAuthenticators: true}
Element: [[ChromeDriver: chrome on windows (fc9ecdb3c700a98d34765ace849a8391)] -&amp;gt; link text: Transfer Funds]
Session ID: fc9ecdb3c700a98d34765ace849a8391">
      <![CDATA[org.openqa.selenium.StaleElementReferenceException: stale element reference: stale element not found
  (Session info: chrome=138.0.7204.97)
For documentation on this error, please visit: https://www.selenium.dev/documentation/webdriver/troubleshooting/errors#stale-element-reference-exception
Build info: version: '4.32.0', revision: 'd17c8aa950'
System info: os.name: 'Windows 11', os.arch: 'amd64', os.version: '10.0', java.version: '21.0.6'
Driver info: org.openqa.selenium.chrome.ChromeDriver
Command: [fc9ecdb3c700a98d34765ace849a8391, clickElement {id=f.5C67BB09A32252BE4ECE063AD53CECF4.d.06A8DC3EEB6E632F037B9000C872D679.e.23}]
Capabilities {acceptInsecureCerts: false, browserName: chrome, browserVersion: 138.0.7204.97, chrome: {chromedriverVersion: 138.0.7204.92 (f079b9bc781e..., userDataDir: C:\Users\Vaseera\AppData\Lo...}, fedcm:accounts: true, goog:chromeOptions: {debuggerAddress: localhost:59443}, networkConnectionEnabled: false, pageLoadStrategy: normal, platformName: windows, proxy: Proxy(), se:cdp: ws://localhost:59443/devtoo..., se:cdpVersion: 138.0.7204.97, setWindowRect: true, strictFileInteractability: false, timeouts: {implicit: 0, pageLoad: 300000, script: 30000}, unhandledPromptBehavior: dismiss and notify, webauthn:extension:credBlob: true, webauthn:extension:largeBlob: true, webauthn:extension:minPinLength: true, webauthn:extension:prf: true, webauthn:virtualAuthenticators: true}
Element: [[ChromeDriver: chrome on windows (fc9ecdb3c700a98d34765ace849a8391)] -> link text: Transfer Funds]
Session ID: fc9ecdb3c700a98d34765ace849a8391
at org.openqa.selenium.remote.ErrorCodec.decode(ErrorCodec.java:167)
at org.openqa.selenium.remote.codec.w3c.W3CHttpResponseCodec.decode(W3CHttpResponseCodec.java:138)
at org.openqa.selenium.remote.codec.w3c.W3CHttpResponseCodec.decode(W3CHttpResponseCodec.java:50)
at org.openqa.selenium.remote.HttpCommandExecutor.execute(HttpCommandExecutor.java:215)
at org.openqa.selenium.remote.service.DriverCommandExecutor.invokeExecute(DriverCommandExecutor.java:216)
at org.openqa.selenium.remote.service.DriverCommandExecutor.execute(DriverCommandExecutor.java:174)
at org.openqa.selenium.remote.RemoteWebDriver.execute(RemoteWebDriver.java:545)
at org.openqa.selenium.remote.RemoteWebElement.execute(RemoteWebElement.java:223)
at org.openqa.selenium.remote.RemoteWebElement.click(RemoteWebElement.java:76)
at org.openqa.selenium.support.pagefactory.internal.LocatingElementHandler.invoke(LocatingElementHandler.java:51)
at jdk.proxy2/jdk.proxy2.$Proxy16.click(Unknown Source)
at pages.AccountServicePage.TransferFunds(AccountServicePage.java:53)
at tests.TransferFundsModule.TransferFunds(TransferFundsModule.java:31)
at java.base/java.util.ArrayList.forEach(ArrayList.java:1596)
... Removed 34 stack frames]]>
    </failure>
  </testcase> <!-- TransferFunds -->
  <testcase classname="tests.NavigationTestModule" name="NavigationTest" time="1.627"/>
  <testcase classname="tests.NavigationTestModule" name="ActionButtonsVisibility" time="0.219"/>
  <testcase classname="tests.NavigationTestModule" name="FontConsistency" time="1.165"/>
  <testcase classname="tests.FindTransactionModule" name="FindbyAmount" time="2.667"/>
  <testcase classname="tests.FindTransactionModule" name="FindbyDate" time="3.34"/>
  <testcase classname="tests.FindTransactionModule" name="FindbyFromandToDate" time="3.178"/>
  <testcase classname="tests.RequestLoanModule" name="RequestLoan" time="3.919"/>
  <testcase classname="tests.RequestLoanModule" name="RequestLoan" time="3.304"/>
  <testcase classname="tests.RequestLoanModule" name="RequestLoan" time="3.196"/>
  <testcase classname="tests.RequestLoanModule" name="RequestLoan" time="3.709"/>
  <testcase classname="base.ProjectSpecificationMethod" name="@BeforeSuite createReport" time="0.0">
    <ignored/>
  </testcase> <!-- @BeforeSuite createReport -->
  <testcase classname="base.ProjectSpecificationMethod" name="@BeforeSuite createReport" time="0.0">
    <ignored/>
  </testcase> <!-- @BeforeSuite createReport -->
  <testcase classname="base.ProjectSpecificationMethod" name="@AfterSuite closeReport" time="0.0">
    <ignored/>
  </testcase> <!-- @AfterSuite closeReport -->
  <testcase classname="base.ProjectSpecificationMethod" name="@BeforeSuite createReport" time="0.0">
    <ignored/>
  </testcase> <!-- @BeforeSuite createReport -->
  <testcase classname="base.ProjectSpecificationMethod" name="@AfterSuite closeReport" time="0.0">
    <ignored/>
  </testcase> <!-- @AfterSuite closeReport -->
  <testcase classname="base.ProjectSpecificationMethod" name="@BeforeSuite createReport" time="0.0">
    <ignored/>
  </testcase> <!-- @BeforeSuite createReport -->
  <testcase classname="base.ProjectSpecificationMethod" name="@AfterSuite closeReport" time="0.0">
    <ignored/>
  </testcase> <!-- @AfterSuite closeReport -->
  <testcase classname="base.ProjectSpecificationMethod" name="@AfterSuite closeReport" time="0.0">
    <ignored/>
  </testcase> <!-- @AfterSuite closeReport -->
  <testcase classname="base.ProjectSpecificationMethod" name="@BeforeSuite createReport" time="0.0">
    <ignored/>
  </testcase> <!-- @BeforeSuite createReport -->
  <testcase classname="base.ProjectSpecificationMethod" name="@BeforeSuite createReport" time="0.0">
    <ignored/>
  </testcase> <!-- @BeforeSuite createReport -->
  <testcase classname="base.ProjectSpecificationMethod" name="@AfterSuite closeReport" time="0.0">
    <ignored/>
  </testcase> <!-- @AfterSuite closeReport -->
  <testcase classname="base.ProjectSpecificationMethod" name="@AfterSuite closeReport" time="0.0">
    <ignored/>
  </testcase> <!-- @AfterSuite closeReport -->
</testsuite> <!-- Test -->
